Thu, 17 Apr 2025 20:49:43 - Migration for table migration already exists:create_table_migration_20250417_204943.php
Thu, 17 Apr 2025 21:09:57 - Request view is not found
Thu, 17 Apr 2025 21:14:30 - Migration for table migration already exists:create_table_migration_20250417_211430.php
Thu, 17 Apr 2025 21:17:32 - Model activation already exists:Activation.php
Thu, 17 Apr 2025 21:51:53 - Controller DashboardController already exists:DashboardController.php
Thu, 17 Apr 2025 21:54:19 - Controller DashboardController already exists:DashboardController.php
Thu, 17 Apr 2025 22:07:41 - Controller DashboardController already exists:DashboardController.php
Thu, 17 Apr 2025 22:10:33 - Controller DashboardController already exists:DashboardController.php
Thu, 17 Apr 2025 23:00:04 - Class app\database\migrations\migration_001 does not exist
Thu, 17 Apr 2025 23:04:16 - Class app\database\migrations\create_table_migration_20250417_204906 does not exist
Thu, 17 Apr 2025 23:09:03 - Class app/database/migrations/create_table_migration_20250417_204906 does not exist
Thu, 17 Apr 2025 23:10:06 - Class D:\Programs\xampp\htdocs\projects\limahostingapp\database\migrations\create_table_migration_20250417_204906 does not exist
Thu, 17 Apr 2025 23:10:19 - Class D:\Programs\xampp\htdocs\projects\limahosting\app\database\migrations\create_table_migration_20250417_204906 does not exist
Thu, 17 Apr 2025 23:10:32 - Class \app\database\migrations\create_table_migration_20250417_204906 does not exist
Thu, 17 Apr 2025 23:10:32 - Class \app\database\migrations\create_table_migration_20250417_204906 does not exist
Thu, 17 Apr 2025 23:11:58 - Class app\database\migrations\create_table_migration_20250417_204906 does not exist
Thu, 17 Apr 2025 23:11:58 - Class app\database\migrations\create_table_migration_20250417_204906 does not exist
Thu, 17 Apr 2025 23:14:43 - Class app\database\migrations\create_table_migration_20250417_204906 does not exist
Thu, 17 Apr 2025 23:14:45 - Class app\database\migrations\create_table_migration_20250417_204906 does not exist
Thu, 17 Apr 2025 23:15:54 - Class app\database\migrations\Test does not exist
Thu, 17 Apr 2025 23:15:56 - Class app\database\migrations\Test does not exist
Thu, 17 Apr 2025 23:16:16 - Class app\database\migrations\Test does not have up
